Microsoft HTML Help Compiler 4.74.8702

Compiling c:\Users\usuario\Documents\Embarcadero\Studio\Projects\WebUI4Delphi\docs\WebUI4Delphi.chm

Legend.html
AllUnits.html
ClassHierarchy.html
AllClasses.html
AllTypes.html
AllVariables.html
AllConstants.html
AllFunctions.html
AllIdentifiers.html
uWebUI.html
uWebUI.TWebUI.html
uWebUIBase64.html
uWebUIBase64.TWebUIBase64.html
uWebUIConstants.html
uWebUIEventHandler.html
uWebUIEventHandler.TWebUIEventHandler.html
uWebUILibFunctions.html
uWebUIMiscFunctions.html
uWebUITypes.html
uWebUITypes.TWebUIEvent.html
uWebUITypes.IWebUIEventHandler.html
uWebUITypes.IWebUIWindow.html
uWebUIWindow.html
uWebUIWindow.TWebUIWindow.html
WebUI4Delphi.hhc
WebUI4Delphi.hhk
private.gif
protected.gif
public.gif
published.gif
automated.gif
pasdoc.css

Compile time: 0 minutes, 0 seconds
526	Topics
3,923	Local links
5	Internet links
5	Graphics


Created c:\Users\usuario\Documents\Embarcadero\Studio\Projects\WebUI4Delphi\docs\WebUI4Delphi.chm, 126,792 bytes
Compression decreased file by 682,565 bytes.
